0 verbose cli /opt/homebrew/Cellar/node/19.9.0/bin/node /opt/homebrew/bin/npm
1 info using npm@9.6.3
2 info using node@v19.9.0
3 timing npm:load:whichnode Completed in 1ms
4 timing config:load:defaults Completed in 2ms
5 timing config:load:file:/opt/homebrew/lib/node_modules/npm/npmrc Completed in 4ms
6 timing config:load:builtin Completed in 4ms
7 timing config:load:cli Completed in 2ms
8 timing config:load:env Completed in 0ms
9 timing config:load:file:/Users/noahsh/ws/Myprojects/T/app/.npmrc Completed in 0ms
10 timing config:load:project Completed in 1ms
11 timing config:load:file:/Users/noahsh/.npmrc Completed in 2ms
12 timing config:load:user Completed in 3ms
13 timing config:load:file:/opt/homebrew/etc/npmrc Completed in 0ms
14 timing config:load:global Completed in 0ms
15 timing config:load:setEnvs Completed in 1ms
16 timing config:load Completed in 14ms
17 timing npm:load:configload Completed in 14ms
18 timing npm:load:mkdirpcache Completed in 1ms
19 timing npm:load:mkdirplogs Completed in 0ms
20 verbose title npm init
21 verbose argv "init"
22 timing npm:load:setTitle Completed in 4ms
23 timing config:load:flatten Completed in 2ms
24 timing npm:load:display Completed in 3ms
25 verbose logfile logs-max:10 dir:/Users/noahsh/ws/Myprojects/T/app/node/npm-cache/_logs/2023-05-11T10_40_00_608Z-
26 verbose logfile /Users/noahsh/ws/Myprojects/T/app/node/npm-cache/_logs/2023-05-11T10_40_00_608Z-debug-0.log
27 timing npm:load:logFile Completed in 6ms
28 timing npm:load:timers Completed in 0ms
29 timing npm:load:configScope Completed in 0ms
30 timing npm:load Completed in 29ms
31 silly logfile done cleaning log files
32 http fetch GET 200 https://registry.npmjs.org/npm 2421ms (cache miss)
33 silly package data {
33 silly package data   name: 'app',
33 silly package data   version: '1.0.0',
33 silly package data   description: '',
33 silly package data   main: 'index.js',
33 silly package data   scripts: { test: 'echo "Error: no test specified" && exit 1' },
33 silly package data   author: '',
33 silly package data   license: 'ISC'
33 silly package data }
34 timing command:init Completed in 30175ms
35 notice
35 notice New [32mpatch[39m version of npm available! [31m9.6.3[39m -> [32m9.6.6[39m
35 notice Changelog: [36mhttps://github.com/npm/cli/releases/tag/v9.6.6[39m
35 notice Run [32mnpm install -g npm@9.6.6[39m to update!
35 notice
36 verbose exit 0
37 timing npm Completed in 30352ms
38 info ok
